03/04/2021 05:39:17 PM - Login_page - INFO: Waited till Element was Visible
03/04/2021 05:39:17 PM - Login_page - INFO: Entered Successfully standard_user
03/04/2021 05:39:17 PM - Login_page - INFO: Waited till Element was Visible
03/04/2021 05:39:17 PM - Login_page - INFO: Entered Successfully secrets_sauce
03/04/2021 05:39:17 PM - Login_page - INFO: Selector Found
03/04/2021 05:39:19 PM - Login_page - INFO: Waited till Element was Visible
03/04/2021 05:39:19 PM - Login_page - INFO: Clicked Successfully
03/04/2021 05:39:19 PM - Login_page - INFO: Element is Visible on Page
03/04/2021 05:39:21 PM - Login_page - INFO: Waited till Element was Visible
03/04/2021 05:39:21 PM - Login_page - INFO: Entered Successfully locked_out_user
03/04/2021 05:39:21 PM - Login_page - INFO: Waited till Element was Visible
03/04/2021 05:39:22 PM - Login_page - INFO: Entered Successfully secrets_sauce
03/04/2021 05:39:22 PM - Login_page - INFO: Selector Found
03/04/2021 05:39:24 PM - Login_page - INFO: Waited till Element was Visible
03/04/2021 05:39:24 PM - Login_page - INFO: Clicked Successfully
03/04/2021 05:39:24 PM - Login_page - INFO: Element is Visible on Page
03/04/2021 05:39:26 PM - Login_page - INFO: Waited till Element was Visible
03/04/2021 05:39:26 PM - Login_page - INFO: Entered Successfully problem_users
03/04/2021 05:39:26 PM - Login_page - INFO: Waited till Element was Visible
03/04/2021 05:39:26 PM - Login_page - INFO: Entered Successfully secret_sauce
03/04/2021 05:39:26 PM - Login_page - INFO: Selector Found
03/04/2021 05:39:28 PM - Login_page - INFO: Waited till Element was Visible
03/04/2021 05:39:28 PM - Login_page - INFO: Clicked Successfully
03/04/2021 05:39:28 PM - Login_page - INFO: Element is Visible on Page
03/04/2021 05:39:30 PM - Login_page - INFO: Waited till Element was Visible
03/04/2021 05:39:30 PM - Login_page - INFO: Entered Successfully performance_glitch_users
03/04/2021 05:39:30 PM - Login_page - INFO: Waited till Element was Visible
03/04/2021 05:39:30 PM - Login_page - INFO: Entered Successfully secret_sauce
03/04/2021 05:39:30 PM - Login_page - INFO: Selector Found
03/04/2021 05:39:32 PM - Login_page - INFO: Waited till Element was Visible
03/04/2021 05:39:32 PM - Login_page - INFO: Clicked Successfully
03/04/2021 05:39:32 PM - Login_page - INFO: Element is Visible on Page
03/04/2021 05:39:34 PM - Login_page - INFO: Waited till Element was Visible
03/04/2021 05:39:35 PM - Login_page - INFO: Entered Successfully standard_user
03/04/2021 05:39:35 PM - Login_page - INFO: Waited till Element was Visible
03/04/2021 05:39:35 PM - Login_page - INFO: Entered Successfully secret_sauce
03/04/2021 05:39:35 PM - Login_page - INFO: Selector Found
03/04/2021 05:39:37 PM - Login_page - INFO: Waited till Element was Visible
03/04/2021 05:39:37 PM - Login_page - INFO: Clicked Successfully
03/04/2021 05:39:39 PM - Util - INFO: Actual Text From Application Web UI --> :: Swag Labs
03/04/2021 05:39:39 PM - Util - INFO: Expected Text From Application Web UI --> :: Swag Labs
03/04/2021 05:39:39 PM - Util - INFO: ### VERIFICATION CONTAINS !!!
03/04/2021 05:39:39 PM - TestStatus - INFO: ### VERIFICATION SUCCESSFUL :: + Title Validation
03/04/2021 05:39:39 PM - Login_page - INFO: Element is Visible on Page
03/04/2021 05:39:39 PM - TestStatus - INFO: ### VERIFICATION SUCCESSFUL :: + Login Unsuccessful
03/04/2021 05:39:39 PM - TestStatus - INFO: Successful Login ### TEST SUCCESSFUL
03/04/2021 05:39:45 PM - Login_page - INFO: Waited till Element was Visible
03/04/2021 05:39:45 PM - Login_page - INFO: Entered Successfully performance_glitch_user
03/04/2021 05:39:45 PM - Login_page - INFO: Waited till Element was Visible
03/04/2021 05:39:46 PM - Login_page - INFO: Entered Successfully secret_sauce
03/04/2021 05:39:46 PM - Login_page - INFO: Selector Found
03/04/2021 05:39:48 PM - Login_page - INFO: Waited till Element was Visible
03/04/2021 05:39:53 PM - Login_page - INFO: Clicked Successfully
03/04/2021 05:39:53 PM - Products - INFO: Element list found with locator: //button[text()='ADD TO CART'] and  locatorType: xpath
03/04/2021 05:58:55 PM - Login_page - INFO: Waited till Element was Visible
03/04/2021 05:58:56 PM - Login_page - INFO: Entered Successfully standard_user
03/04/2021 05:58:56 PM - Login_page - INFO: Waited till Element was Visible
03/04/2021 05:58:56 PM - Login_page - INFO: Entered Successfully secrets_sauce
03/04/2021 05:58:56 PM - Login_page - INFO: Selector Found
03/04/2021 05:58:58 PM - Login_page - INFO: Waited till Element was Visible
03/04/2021 05:58:58 PM - Login_page - INFO: Clicked Successfully
03/04/2021 05:58:58 PM - Login_page - INFO: Element is Visible on Page
03/04/2021 05:59:00 PM - Login_page - INFO: Waited till Element was Visible
03/04/2021 05:59:00 PM - Login_page - INFO: Entered Successfully locked_out_user
03/04/2021 05:59:00 PM - Login_page - INFO: Waited till Element was Visible
03/04/2021 05:59:00 PM - Login_page - INFO: Entered Successfully secrets_sauce
03/04/2021 05:59:00 PM - Login_page - INFO: Selector Found
03/04/2021 05:59:02 PM - Login_page - INFO: Waited till Element was Visible
03/04/2021 05:59:02 PM - Login_page - INFO: Clicked Successfully
03/04/2021 05:59:02 PM - Login_page - INFO: Element is Visible on Page
03/04/2021 05:59:04 PM - Login_page - INFO: Waited till Element was Visible
03/04/2021 05:59:04 PM - Login_page - INFO: Entered Successfully problem_users
03/04/2021 05:59:04 PM - Login_page - INFO: Waited till Element was Visible
03/04/2021 05:59:04 PM - Login_page - INFO: Entered Successfully secret_sauce
03/04/2021 05:59:04 PM - Login_page - INFO: Selector Found
03/04/2021 05:59:06 PM - Login_page - INFO: Waited till Element was Visible
03/04/2021 05:59:06 PM - Login_page - INFO: Clicked Successfully
03/04/2021 05:59:06 PM - Login_page - INFO: Element is Visible on Page
03/04/2021 05:59:08 PM - Login_page - INFO: Waited till Element was Visible
03/04/2021 05:59:09 PM - Login_page - INFO: Entered Successfully performance_glitch_users
03/04/2021 05:59:09 PM - Login_page - INFO: Waited till Element was Visible
03/04/2021 05:59:09 PM - Login_page - INFO: Entered Successfully secret_sauce
03/04/2021 05:59:09 PM - Login_page - INFO: Selector Found
03/04/2021 05:59:11 PM - Login_page - INFO: Waited till Element was Visible
03/04/2021 05:59:11 PM - Login_page - INFO: Clicked Successfully
03/04/2021 05:59:11 PM - Login_page - INFO: Element is Visible on Page
03/04/2021 05:59:13 PM - Login_page - INFO: Waited till Element was Visible
03/04/2021 05:59:13 PM - Login_page - INFO: Entered Successfully standard_user
03/04/2021 05:59:13 PM - Login_page - INFO: Waited till Element was Visible
03/04/2021 05:59:13 PM - Login_page - INFO: Entered Successfully secret_sauce
03/04/2021 05:59:13 PM - Login_page - INFO: Selector Found
03/04/2021 05:59:15 PM - Login_page - INFO: Waited till Element was Visible
03/04/2021 05:59:15 PM - Login_page - INFO: Clicked Successfully
03/04/2021 05:59:17 PM - Util - INFO: Actual Text From Application Web UI --> :: Swag Labs
03/04/2021 05:59:17 PM - Util - INFO: Expected Text From Application Web UI --> :: Swag Labs
03/04/2021 05:59:17 PM - Util - INFO: ### VERIFICATION CONTAINS !!!
03/04/2021 05:59:17 PM - TestStatus - INFO: ### VERIFICATION SUCCESSFUL :: + Title Validation
03/04/2021 05:59:17 PM - Login_page - INFO: Element is Visible on Page
03/04/2021 05:59:17 PM - TestStatus - INFO: ### VERIFICATION SUCCESSFUL :: + Login Unsuccessful
03/04/2021 05:59:17 PM - TestStatus - INFO: Successful Login ### TEST SUCCESSFUL
03/04/2021 05:59:17 PM - Login_page - INFO: Waited till Element was Visible
03/04/2021 05:59:17 PM - Login_page - INFO: Clicked Successfully
03/04/2021 05:59:27 PM - Login_page - INFO: Cannot CLick the Element By ID logout_sidebar_link
03/04/2021 05:59:30 PM - Login_page - INFO: Something Went Wrong
03/04/2021 05:59:36 PM - Login_page - INFO: Waited till Element was Visible
03/04/2021 05:59:36 PM - Login_page - INFO: Entered Successfully performance_glitch_user
03/04/2021 05:59:36 PM - Login_page - INFO: Waited till Element was Visible
03/04/2021 05:59:36 PM - Login_page - INFO: Entered Successfully secret_sauce
03/04/2021 05:59:36 PM - Login_page - INFO: Selector Found
03/04/2021 05:59:38 PM - Login_page - INFO: Waited till Element was Visible
03/04/2021 05:59:43 PM - Login_page - INFO: Clicked Successfully
03/04/2021 05:59:44 PM - Products - INFO: Element list found with locator: //button[text()='ADD TO CART'] and  locatorType: xpath
03/04/2021 05:59:50 PM - Login_page - INFO: Waited till Element was Visible
03/04/2021 05:59:50 PM - Login_page - INFO: Clicked Successfully
03/04/2021 05:59:50 PM - Login_page - INFO: Waited till Element was Visible
03/04/2021 05:59:50 PM - Login_page - INFO: Clicked Successfully
03/04/2021 05:59:50 PM - Login_page - INFO: Selector Found
03/04/2021 05:59:51 PM - Login_page - INFO: Logged Out Successfully
03/04/2021 06:01:13 PM - Login_page - INFO: Waited till Element was Visible
03/04/2021 06:01:13 PM - Login_page - INFO: Entered Successfully standard_user
03/04/2021 06:01:13 PM - Login_page - INFO: Waited till Element was Visible
03/04/2021 06:01:13 PM - Login_page - INFO: Entered Successfully secrets_sauce
03/04/2021 06:01:13 PM - Login_page - INFO: Selector Found
03/04/2021 06:01:15 PM - Login_page - INFO: Waited till Element was Visible
03/04/2021 06:01:15 PM - Login_page - INFO: Clicked Successfully
03/04/2021 06:01:15 PM - Login_page - INFO: Element is Visible on Page
03/04/2021 06:01:17 PM - Login_page - INFO: Waited till Element was Visible
03/04/2021 06:01:17 PM - Login_page - INFO: Entered Successfully locked_out_user
03/04/2021 06:01:17 PM - Login_page - INFO: Waited till Element was Visible
03/04/2021 06:01:18 PM - Login_page - INFO: Entered Successfully secrets_sauce
03/04/2021 06:01:18 PM - Login_page - INFO: Selector Found
03/04/2021 06:01:20 PM - Login_page - INFO: Waited till Element was Visible
03/04/2021 06:01:20 PM - Login_page - INFO: Clicked Successfully
03/04/2021 06:01:20 PM - Login_page - INFO: Element is Visible on Page
03/04/2021 06:01:22 PM - Login_page - INFO: Waited till Element was Visible
03/04/2021 06:01:22 PM - Login_page - INFO: Entered Successfully problem_users
03/04/2021 06:01:22 PM - Login_page - INFO: Waited till Element was Visible
03/04/2021 06:01:22 PM - Login_page - INFO: Entered Successfully secret_sauce
03/04/2021 06:01:22 PM - Login_page - INFO: Selector Found
03/04/2021 06:01:24 PM - Login_page - INFO: Waited till Element was Visible
03/04/2021 06:01:24 PM - Login_page - INFO: Clicked Successfully
03/04/2021 06:01:24 PM - Login_page - INFO: Element is Visible on Page
03/04/2021 06:01:26 PM - Login_page - INFO: Waited till Element was Visible
03/04/2021 06:01:26 PM - Login_page - INFO: Entered Successfully performance_glitch_users
03/04/2021 06:01:26 PM - Login_page - INFO: Waited till Element was Visible
03/04/2021 06:01:26 PM - Login_page - INFO: Entered Successfully secret_sauce
03/04/2021 06:01:26 PM - Login_page - INFO: Selector Found
03/04/2021 06:01:28 PM - Login_page - INFO: Waited till Element was Visible
03/04/2021 06:01:28 PM - Login_page - INFO: Clicked Successfully
03/04/2021 06:01:28 PM - Login_page - INFO: Element is Visible on Page
03/04/2021 06:01:30 PM - Login_page - INFO: Waited till Element was Visible
03/04/2021 06:01:30 PM - Login_page - INFO: Entered Successfully standard_user
03/04/2021 06:01:30 PM - Login_page - INFO: Waited till Element was Visible
03/04/2021 06:01:31 PM - Login_page - INFO: Entered Successfully secret_sauce
03/04/2021 06:01:31 PM - Login_page - INFO: Selector Found
03/04/2021 06:01:33 PM - Login_page - INFO: Waited till Element was Visible
03/04/2021 06:01:33 PM - Login_page - INFO: Clicked Successfully
03/04/2021 06:01:35 PM - Util - INFO: Actual Text From Application Web UI --> :: Swag Labs
03/04/2021 06:01:35 PM - Util - INFO: Expected Text From Application Web UI --> :: Swag Labs
03/04/2021 06:01:35 PM - Util - INFO: ### VERIFICATION CONTAINS !!!
03/04/2021 06:01:35 PM - TestStatus - INFO: ### VERIFICATION SUCCESSFUL :: + Title Validation
03/04/2021 06:01:35 PM - Login_page - INFO: Element is Visible on Page
03/04/2021 06:01:35 PM - TestStatus - INFO: ### VERIFICATION SUCCESSFUL :: + Login Unsuccessful
03/04/2021 06:01:35 PM - TestStatus - INFO: Successful Login ### TEST SUCCESSFUL
03/04/2021 06:01:35 PM - Login_page - INFO: Waited till Element was Visible
03/04/2021 06:01:35 PM - Login_page - INFO: Clicked Successfully
03/04/2021 06:01:53 PM - Login_page - INFO: Waited till Element was Visible
03/04/2021 06:01:53 PM - Login_page - INFO: Entered Successfully performance_glitch_user
03/04/2021 06:01:53 PM - Login_page - INFO: Waited till Element was Visible
03/04/2021 06:01:53 PM - Login_page - INFO: Entered Successfully secret_sauce
03/04/2021 06:01:53 PM - Login_page - INFO: Selector Found
03/04/2021 06:01:55 PM - Login_page - INFO: Waited till Element was Visible
03/04/2021 06:02:00 PM - Login_page - INFO: Clicked Successfully
03/04/2021 06:02:00 PM - Products - INFO: Element list found with locator: //button[text()='ADD TO CART'] and  locatorType: xpath
03/04/2021 06:02:07 PM - Login_page - INFO: Waited till Element was Visible
03/04/2021 06:02:07 PM - Login_page - INFO: Clicked Successfully
03/04/2021 06:02:07 PM - Login_page - INFO: Waited till Element was Visible
03/04/2021 06:02:07 PM - Login_page - INFO: Waited till Element was Visible
03/04/2021 06:02:07 PM - Login_page - INFO: Clicked Successfully
03/04/2021 06:02:07 PM - Login_page - INFO: Selector Found
03/04/2021 06:02:08 PM - Login_page - INFO: Logged Out Successfully
03/04/2021 06:04:29 PM - Login_page - INFO: Waited till Element was Visible
03/04/2021 06:04:29 PM - Login_page - INFO: Entered Successfully standard_user
03/04/2021 06:04:29 PM - Login_page - INFO: Waited till Element was Visible
03/04/2021 06:04:29 PM - Login_page - INFO: Entered Successfully secrets_sauce
03/04/2021 06:04:29 PM - Login_page - INFO: Selector Found
03/04/2021 06:04:31 PM - Login_page - INFO: Waited till Element was Visible
03/04/2021 06:04:31 PM - Login_page - INFO: Clicked Successfully
03/04/2021 06:04:31 PM - Login_page - INFO: Element is Visible on Page
03/04/2021 06:04:33 PM - Login_page - INFO: Waited till Element was Visible
03/04/2021 06:04:33 PM - Login_page - INFO: Entered Successfully locked_out_user
03/04/2021 06:04:33 PM - Login_page - INFO: Waited till Element was Visible
03/04/2021 06:04:33 PM - Login_page - INFO: Entered Successfully secrets_sauce
03/04/2021 06:04:33 PM - Login_page - INFO: Selector Found
03/04/2021 06:04:35 PM - Login_page - INFO: Waited till Element was Visible
03/04/2021 06:04:35 PM - Login_page - INFO: Clicked Successfully
03/04/2021 06:04:35 PM - Login_page - INFO: Element is Visible on Page
03/04/2021 06:04:37 PM - Login_page - INFO: Waited till Element was Visible
03/04/2021 06:04:38 PM - Login_page - INFO: Entered Successfully problem_users
03/04/2021 06:04:38 PM - Login_page - INFO: Waited till Element was Visible
03/04/2021 06:04:38 PM - Login_page - INFO: Entered Successfully secret_sauce
03/04/2021 06:04:38 PM - Login_page - INFO: Selector Found
03/04/2021 06:04:40 PM - Login_page - INFO: Waited till Element was Visible
03/04/2021 06:04:40 PM - Login_page - INFO: Clicked Successfully
03/04/2021 06:04:40 PM - Login_page - INFO: Element is Visible on Page
03/04/2021 06:04:42 PM - Login_page - INFO: Waited till Element was Visible
03/04/2021 06:04:42 PM - Login_page - INFO: Entered Successfully performance_glitch_users
03/04/2021 06:04:42 PM - Login_page - INFO: Waited till Element was Visible
03/04/2021 06:04:42 PM - Login_page - INFO: Entered Successfully secret_sauce
03/04/2021 06:04:42 PM - Login_page - INFO: Selector Found
03/04/2021 06:04:44 PM - Login_page - INFO: Waited till Element was Visible
03/04/2021 06:04:44 PM - Login_page - INFO: Clicked Successfully
03/04/2021 06:04:44 PM - Login_page - INFO: Element is Visible on Page
03/04/2021 06:04:46 PM - Login_page - INFO: Waited till Element was Visible
03/04/2021 06:04:46 PM - Login_page - INFO: Entered Successfully standard_user
03/04/2021 06:04:46 PM - Login_page - INFO: Waited till Element was Visible
03/04/2021 06:04:46 PM - Login_page - INFO: Entered Successfully secret_sauce
03/04/2021 06:04:46 PM - Login_page - INFO: Selector Found
03/04/2021 06:04:48 PM - Login_page - INFO: Waited till Element was Visible
03/04/2021 06:04:49 PM - Login_page - INFO: Clicked Successfully
03/04/2021 06:04:51 PM - Util - INFO: Actual Text From Application Web UI --> :: Swag Labs
03/04/2021 06:04:51 PM - Util - INFO: Expected Text From Application Web UI --> :: Swag Labs
03/04/2021 06:04:51 PM - Util - INFO: ### VERIFICATION CONTAINS !!!
03/04/2021 06:04:51 PM - TestStatus - INFO: ### VERIFICATION SUCCESSFUL :: + Title Validation
03/04/2021 06:04:51 PM - Login_page - INFO: Element is Visible on Page
03/04/2021 06:04:51 PM - TestStatus - INFO: ### VERIFICATION SUCCESSFUL :: + Login Unsuccessful
03/04/2021 06:04:51 PM - TestStatus - INFO: Successful Login ### TEST SUCCESSFUL
03/04/2021 06:04:51 PM - Login_page - INFO: Waited till Element was Visible
03/04/2021 06:04:51 PM - Login_page - INFO: Clicked Successfully
03/04/2021 06:07:30 PM - Login_page - INFO: Waited till Element was Visible
03/04/2021 06:07:30 PM - Login_page - INFO: Entered Successfully standard_user
03/04/2021 06:07:30 PM - Login_page - INFO: Waited till Element was Visible
03/04/2021 06:07:30 PM - Login_page - INFO: Entered Successfully secrets_sauce
03/04/2021 06:07:30 PM - Login_page - INFO: Selector Found
03/04/2021 06:07:32 PM - Login_page - INFO: Waited till Element was Visible
03/04/2021 06:07:32 PM - Login_page - INFO: Clicked Successfully
03/04/2021 06:07:32 PM - Login_page - INFO: Element is Visible on Page
03/04/2021 06:07:34 PM - Login_page - INFO: Waited till Element was Visible
03/04/2021 06:07:35 PM - Login_page - INFO: Entered Successfully locked_out_user
03/04/2021 06:07:35 PM - Login_page - INFO: Waited till Element was Visible
03/04/2021 06:07:35 PM - Login_page - INFO: Entered Successfully secrets_sauce
03/04/2021 06:07:35 PM - Login_page - INFO: Selector Found
03/04/2021 06:07:37 PM - Login_page - INFO: Waited till Element was Visible
03/04/2021 06:07:37 PM - Login_page - INFO: Clicked Successfully
03/04/2021 06:07:37 PM - Login_page - INFO: Element is Visible on Page
03/04/2021 06:07:39 PM - Login_page - INFO: Waited till Element was Visible
03/04/2021 06:07:39 PM - Login_page - INFO: Entered Successfully problem_users
03/04/2021 06:07:39 PM - Login_page - INFO: Waited till Element was Visible
03/04/2021 06:07:39 PM - Login_page - INFO: Entered Successfully secret_sauce
03/04/2021 06:07:39 PM - Login_page - INFO: Selector Found
03/04/2021 06:07:41 PM - Login_page - INFO: Waited till Element was Visible
03/04/2021 06:07:41 PM - Login_page - INFO: Clicked Successfully
03/04/2021 06:07:41 PM - Login_page - INFO: Element is Visible on Page
03/04/2021 06:07:43 PM - Login_page - INFO: Waited till Element was Visible
03/04/2021 06:07:43 PM - Login_page - INFO: Entered Successfully performance_glitch_users
03/04/2021 06:07:43 PM - Login_page - INFO: Waited till Element was Visible
03/04/2021 06:07:43 PM - Login_page - INFO: Entered Successfully secret_sauce
03/04/2021 06:07:44 PM - Login_page - INFO: Selector Found
03/04/2021 06:07:46 PM - Login_page - INFO: Waited till Element was Visible
03/04/2021 06:07:46 PM - Login_page - INFO: Clicked Successfully
03/04/2021 06:07:46 PM - Login_page - INFO: Element is Visible on Page
03/04/2021 06:07:48 PM - Login_page - INFO: Waited till Element was Visible
03/04/2021 06:07:48 PM - Login_page - INFO: Entered Successfully standard_user
03/04/2021 06:07:48 PM - Login_page - INFO: Waited till Element was Visible
03/04/2021 06:07:48 PM - Login_page - INFO: Entered Successfully secret_sauce
03/04/2021 06:07:48 PM - Login_page - INFO: Selector Found
03/04/2021 06:07:50 PM - Login_page - INFO: Waited till Element was Visible
03/04/2021 06:07:50 PM - Login_page - INFO: Clicked Successfully
03/04/2021 06:07:52 PM - Util - INFO: Actual Text From Application Web UI --> :: Swag Labs
03/04/2021 06:07:52 PM - Util - INFO: Expected Text From Application Web UI --> :: Swag Labs
03/04/2021 06:07:52 PM - Util - INFO: ### VERIFICATION CONTAINS !!!
03/04/2021 06:07:52 PM - TestStatus - INFO: ### VERIFICATION SUCCESSFUL :: + Title Validation
03/04/2021 06:07:52 PM - Login_page - INFO: Element is Visible on Page
03/04/2021 06:07:52 PM - TestStatus - INFO: ### VERIFICATION SUCCESSFUL :: + Login Unsuccessful
03/04/2021 06:07:52 PM - TestStatus - INFO: Successful Login ### TEST SUCCESSFUL
03/04/2021 06:07:52 PM - Login_page - INFO: Waited till Element was Visible
03/04/2021 06:07:52 PM - Login_page - INFO: Clicked Successfully
03/04/2021 06:08:02 PM - Login_page - INFO: Cannot CLick the Element By xpath//a[text()='Logout']
03/04/2021 06:08:05 PM - Login_page - INFO: Something Went Wrong
03/04/2021 06:11:44 PM - Login_page - INFO: Waited till Element was Visible
03/04/2021 06:11:44 PM - Login_page - INFO: Entered Successfully standard_user
03/04/2021 06:11:44 PM - Login_page - INFO: Waited till Element was Visible
03/04/2021 06:11:44 PM - Login_page - INFO: Entered Successfully secrets_sauce
03/04/2021 06:11:44 PM - Login_page - INFO: Selector Found
03/04/2021 06:11:46 PM - Login_page - INFO: Waited till Element was Visible
03/04/2021 06:11:46 PM - Login_page - INFO: Clicked Successfully
03/04/2021 06:11:46 PM - Login_page - INFO: Element is Visible on Page
03/04/2021 06:11:48 PM - Login_page - INFO: Waited till Element was Visible
03/04/2021 06:11:49 PM - Login_page - INFO: Entered Successfully locked_out_user
03/04/2021 06:11:49 PM - Login_page - INFO: Waited till Element was Visible
03/04/2021 06:11:49 PM - Login_page - INFO: Entered Successfully secrets_sauce
03/04/2021 06:11:49 PM - Login_page - INFO: Selector Found
03/04/2021 06:11:51 PM - Login_page - INFO: Waited till Element was Visible
03/04/2021 06:11:51 PM - Login_page - INFO: Clicked Successfully
03/04/2021 06:11:51 PM - Login_page - INFO: Element is Visible on Page
03/04/2021 06:11:53 PM - Login_page - INFO: Waited till Element was Visible
03/04/2021 06:11:53 PM - Login_page - INFO: Entered Successfully problem_users
03/04/2021 06:11:53 PM - Login_page - INFO: Waited till Element was Visible
03/04/2021 06:11:53 PM - Login_page - INFO: Entered Successfully secret_sauce
03/04/2021 06:11:53 PM - Login_page - INFO: Selector Found
03/04/2021 06:11:55 PM - Login_page - INFO: Waited till Element was Visible
03/04/2021 06:11:55 PM - Login_page - INFO: Clicked Successfully
03/04/2021 06:11:55 PM - Login_page - INFO: Element is Visible on Page
03/04/2021 06:11:57 PM - Login_page - INFO: Waited till Element was Visible
03/04/2021 06:11:57 PM - Login_page - INFO: Entered Successfully performance_glitch_users
03/04/2021 06:11:57 PM - Login_page - INFO: Waited till Element was Visible
03/04/2021 06:11:57 PM - Login_page - INFO: Entered Successfully secret_sauce
03/04/2021 06:11:57 PM - Login_page - INFO: Selector Found
03/04/2021 06:11:59 PM - Login_page - INFO: Waited till Element was Visible
03/04/2021 06:11:59 PM - Login_page - INFO: Clicked Successfully
03/04/2021 06:11:59 PM - Login_page - INFO: Element is Visible on Page
03/04/2021 06:12:01 PM - Login_page - INFO: Waited till Element was Visible
03/04/2021 06:12:02 PM - Login_page - INFO: Entered Successfully standard_user
03/04/2021 06:12:02 PM - Login_page - INFO: Waited till Element was Visible
03/04/2021 06:12:02 PM - Login_page - INFO: Entered Successfully secret_sauce
03/04/2021 06:12:02 PM - Login_page - INFO: Selector Found
03/04/2021 06:12:04 PM - Login_page - INFO: Waited till Element was Visible
03/04/2021 06:12:04 PM - Login_page - INFO: Clicked Successfully
03/04/2021 06:12:06 PM - Util - INFO: Actual Text From Application Web UI --> :: Swag Labs
03/04/2021 06:12:06 PM - Util - INFO: Expected Text From Application Web UI --> :: Swag Labs
03/04/2021 06:12:06 PM - Util - INFO: ### VERIFICATION CONTAINS !!!
03/04/2021 06:12:06 PM - TestStatus - INFO: ### VERIFICATION SUCCESSFUL :: + Title Validation
03/04/2021 06:12:06 PM - Login_page - INFO: Element is Visible on Page
03/04/2021 06:12:06 PM - TestStatus - INFO: ### VERIFICATION SUCCESSFUL :: + Login Unsuccessful
03/04/2021 06:12:06 PM - TestStatus - INFO: Successful Login ### TEST SUCCESSFUL
03/04/2021 06:12:06 PM - Login_page - INFO: Waited till Element was Visible
03/04/2021 06:12:06 PM - Login_page - INFO: Clicked Successfully
03/04/2021 06:12:07 PM - Login_page - INFO: Waited till Element was Visible
03/04/2021 06:12:07 PM - Login_page - INFO: Clicked Successfully
03/04/2021 06:12:07 PM - Login_page - INFO: Selector Found
03/04/2021 06:12:09 PM - Login_page - INFO: Logged Out Successfully
03/04/2021 06:12:53 PM - Login_page - INFO: Waited till Element was Visible
03/04/2021 06:12:53 PM - Login_page - INFO: Entered Successfully standard_user
03/04/2021 06:12:53 PM - Login_page - INFO: Waited till Element was Visible
03/04/2021 06:12:53 PM - Login_page - INFO: Entered Successfully secrets_sauce
03/04/2021 06:12:53 PM - Login_page - INFO: Selector Found
03/04/2021 06:12:55 PM - Login_page - INFO: Waited till Element was Visible
03/04/2021 06:12:55 PM - Login_page - INFO: Clicked Successfully
03/04/2021 06:12:55 PM - Login_page - INFO: Element is Visible on Page
03/04/2021 06:12:57 PM - Login_page - INFO: Waited till Element was Visible
03/04/2021 06:12:57 PM - Login_page - INFO: Entered Successfully locked_out_user
03/04/2021 06:12:57 PM - Login_page - INFO: Waited till Element was Visible
03/04/2021 06:12:58 PM - Login_page - INFO: Entered Successfully secrets_sauce
03/04/2021 06:12:58 PM - Login_page - INFO: Selector Found
03/04/2021 06:13:00 PM - Login_page - INFO: Waited till Element was Visible
03/04/2021 06:13:00 PM - Login_page - INFO: Clicked Successfully
03/04/2021 06:13:00 PM - Login_page - INFO: Element is Visible on Page
03/04/2021 06:13:02 PM - Login_page - INFO: Waited till Element was Visible
03/04/2021 06:13:02 PM - Login_page - INFO: Entered Successfully problem_users
03/04/2021 06:13:02 PM - Login_page - INFO: Waited till Element was Visible
03/04/2021 06:13:02 PM - Login_page - INFO: Entered Successfully secret_sauce
03/04/2021 06:13:02 PM - Login_page - INFO: Selector Found
03/04/2021 06:13:04 PM - Login_page - INFO: Waited till Element was Visible
03/04/2021 06:13:04 PM - Login_page - INFO: Clicked Successfully
03/04/2021 06:13:04 PM - Login_page - INFO: Element is Visible on Page
03/04/2021 06:13:06 PM - Login_page - INFO: Waited till Element was Visible
03/04/2021 06:13:06 PM - Login_page - INFO: Entered Successfully performance_glitch_users
03/04/2021 06:13:06 PM - Login_page - INFO: Waited till Element was Visible
03/04/2021 06:13:06 PM - Login_page - INFO: Entered Successfully secret_sauce
03/04/2021 06:13:06 PM - Login_page - INFO: Selector Found
03/04/2021 06:13:08 PM - Login_page - INFO: Waited till Element was Visible
03/04/2021 06:13:08 PM - Login_page - INFO: Clicked Successfully
03/04/2021 06:13:08 PM - Login_page - INFO: Element is Visible on Page
03/04/2021 06:13:10 PM - Login_page - INFO: Waited till Element was Visible
03/04/2021 06:13:11 PM - Login_page - INFO: Entered Successfully standard_user
03/04/2021 06:13:11 PM - Login_page - INFO: Waited till Element was Visible
03/04/2021 06:13:11 PM - Login_page - INFO: Entered Successfully secret_sauce
03/04/2021 06:13:11 PM - Login_page - INFO: Selector Found
03/04/2021 06:13:13 PM - Login_page - INFO: Waited till Element was Visible
03/04/2021 06:13:13 PM - Login_page - INFO: Clicked Successfully
03/04/2021 06:13:15 PM - Util - INFO: Actual Text From Application Web UI --> :: Swag Labs
03/04/2021 06:13:15 PM - Util - INFO: Expected Text From Application Web UI --> :: Swag Labs
03/04/2021 06:13:15 PM - Util - INFO: ### VERIFICATION CONTAINS !!!
03/04/2021 06:13:15 PM - TestStatus - INFO: ### VERIFICATION SUCCESSFUL :: + Title Validation
03/04/2021 06:13:15 PM - Login_page - INFO: Element is Visible on Page
03/04/2021 06:13:15 PM - TestStatus - INFO: ### VERIFICATION SUCCESSFUL :: + Login Unsuccessful
03/04/2021 06:13:15 PM - TestStatus - INFO: Successful Login ### TEST SUCCESSFUL
03/04/2021 06:13:15 PM - Login_page - INFO: Waited till Element was Visible
03/04/2021 06:13:15 PM - Login_page - INFO: Clicked Successfully
03/04/2021 06:13:16 PM - Login_page - INFO: Waited till Element was Visible
03/04/2021 06:13:16 PM - Login_page - INFO: Clicked Successfully
03/04/2021 06:13:16 PM - Login_page - INFO: Selector Found
03/04/2021 06:13:18 PM - Login_page - INFO: Logged Out Successfully
03/04/2021 06:13:25 PM - Login_page - INFO: Waited till Element was Visible
03/04/2021 06:13:25 PM - Login_page - INFO: Entered Successfully performance_glitch_user
03/04/2021 06:13:25 PM - Login_page - INFO: Waited till Element was Visible
03/04/2021 06:13:25 PM - Login_page - INFO: Entered Successfully secret_sauce
03/04/2021 06:13:25 PM - Login_page - INFO: Selector Found
03/04/2021 06:13:27 PM - Login_page - INFO: Waited till Element was Visible
03/04/2021 06:13:32 PM - Login_page - INFO: Clicked Successfully
03/04/2021 06:13:32 PM - Products - INFO: Element list found with locator: //button[text()='ADD TO CART'] and  locatorType: xpath
03/04/2021 06:13:38 PM - Login_page - INFO: Waited till Element was Visible
03/04/2021 06:13:38 PM - Login_page - INFO: Clicked Successfully
03/04/2021 06:13:39 PM - Login_page - INFO: Waited till Element was Visible
03/04/2021 06:13:39 PM - Login_page - INFO: Clicked Successfully
03/04/2021 06:13:39 PM - Login_page - INFO: Selector Found
03/04/2021 06:13:41 PM - Login_page - INFO: Logged Out Successfully
03/04/2021 06:20:45 PM - Login_page - INFO: Waited till Element was Visible
03/04/2021 06:20:45 PM - Login_page - INFO: Entered Successfully standard_user
03/04/2021 06:20:45 PM - Login_page - INFO: Waited till Element was Visible
03/04/2021 06:20:45 PM - Login_page - INFO: Entered Successfully secrets_sauce
03/04/2021 06:20:45 PM - Login_page - INFO: Selector Found
03/04/2021 06:20:47 PM - Login_page - INFO: Waited till Element was Visible
03/04/2021 06:20:47 PM - Login_page - INFO: Clicked Successfully
03/04/2021 06:20:47 PM - Login_page - INFO: Element is Visible on Page
03/04/2021 06:20:49 PM - Login_page - INFO: Waited till Element was Visible
03/04/2021 06:20:50 PM - Login_page - INFO: Entered Successfully locked_out_user
03/04/2021 06:20:50 PM - Login_page - INFO: Waited till Element was Visible
03/04/2021 06:20:50 PM - Login_page - INFO: Entered Successfully secrets_sauce
03/04/2021 06:20:50 PM - Login_page - INFO: Selector Found
03/04/2021 06:20:52 PM - Login_page - INFO: Waited till Element was Visible
03/04/2021 06:20:52 PM - Login_page - INFO: Clicked Successfully
03/04/2021 06:20:52 PM - Login_page - INFO: Element is Visible on Page
03/04/2021 06:20:54 PM - Login_page - INFO: Waited till Element was Visible
03/04/2021 06:20:54 PM - Login_page - INFO: Entered Successfully problem_users
03/04/2021 06:20:54 PM - Login_page - INFO: Waited till Element was Visible
03/04/2021 06:20:54 PM - Login_page - INFO: Entered Successfully secret_sauce
03/04/2021 06:20:54 PM - Login_page - INFO: Selector Found
03/04/2021 06:20:56 PM - Login_page - INFO: Waited till Element was Visible
03/04/2021 06:20:56 PM - Login_page - INFO: Clicked Successfully
03/04/2021 06:20:56 PM - Login_page - INFO: Element is Visible on Page
03/04/2021 06:20:58 PM - Login_page - INFO: Waited till Element was Visible
03/04/2021 06:20:58 PM - Login_page - INFO: Entered Successfully performance_glitch_users
03/04/2021 06:20:58 PM - Login_page - INFO: Waited till Element was Visible
03/04/2021 06:20:58 PM - Login_page - INFO: Entered Successfully secret_sauce
03/04/2021 06:20:58 PM - Login_page - INFO: Selector Found
03/04/2021 06:21:00 PM - Login_page - INFO: Waited till Element was Visible
03/04/2021 06:21:00 PM - Login_page - INFO: Clicked Successfully
03/04/2021 06:21:00 PM - Login_page - INFO: Element is Visible on Page
03/04/2021 06:21:02 PM - Login_page - INFO: Waited till Element was Visible
03/04/2021 06:21:03 PM - Login_page - INFO: Entered Successfully standard_user
03/04/2021 06:21:03 PM - Login_page - INFO: Waited till Element was Visible
03/04/2021 06:21:03 PM - Login_page - INFO: Entered Successfully secret_sauce
03/04/2021 06:21:03 PM - Login_page - INFO: Selector Found
03/04/2021 06:21:05 PM - Login_page - INFO: Waited till Element was Visible
03/04/2021 06:21:05 PM - Login_page - INFO: Clicked Successfully
03/04/2021 06:21:07 PM - Util - INFO: Actual Text From Application Web UI --> :: Swag Labs
03/04/2021 06:21:07 PM - Util - INFO: Expected Text From Application Web UI --> :: Swag Labs
03/04/2021 06:21:07 PM - Util - INFO: ### VERIFICATION CONTAINS !!!
03/04/2021 06:21:07 PM - TestStatus - INFO: ### VERIFICATION SUCCESSFUL :: + Title Validation
03/04/2021 06:21:07 PM - Login_page - INFO: Element is Visible on Page
03/04/2021 06:21:07 PM - TestStatus - INFO: ### VERIFICATION SUCCESSFUL :: + Login Unsuccessful
03/04/2021 06:21:07 PM - TestStatus - INFO: Successful Login ### TEST SUCCESSFUL
03/04/2021 06:21:07 PM - Login_page - INFO: Waited till Element was Visible
03/04/2021 06:21:07 PM - Login_page - INFO: Clicked Successfully
03/04/2021 06:21:08 PM - Login_page - INFO: Waited till Element was Visible
03/04/2021 06:21:08 PM - Login_page - INFO: Clicked Successfully
03/04/2021 06:21:08 PM - Login_page - INFO: Selector Found
03/04/2021 06:21:10 PM - Login_page - INFO: Logged Out Successfully
03/04/2021 06:21:16 PM - Login_page - INFO: Waited till Element was Visible
03/04/2021 06:21:17 PM - Login_page - INFO: Entered Successfully performance_glitch_user
03/04/2021 06:21:17 PM - Login_page - INFO: Waited till Element was Visible
03/04/2021 06:21:17 PM - Login_page - INFO: Entered Successfully secret_sauce
03/04/2021 06:21:17 PM - Login_page - INFO: Selector Found
03/04/2021 06:21:19 PM - Login_page - INFO: Waited till Element was Visible
03/04/2021 06:21:24 PM - Login_page - INFO: Clicked Successfully
03/04/2021 06:21:24 PM - Products - INFO: Element list found with locator: //button[text()='ADD TO CART'] and  locatorType: xpath
03/04/2021 06:21:30 PM - Login_page - INFO: Waited till Element was Visible
03/04/2021 06:21:30 PM - Login_page - INFO: Clicked Successfully
03/04/2021 06:21:31 PM - Login_page - INFO: Waited till Element was Visible
03/04/2021 06:21:31 PM - Login_page - INFO: Clicked Successfully
03/04/2021 06:21:31 PM - Login_page - INFO: Selector Found
03/04/2021 06:21:33 PM - Login_page - INFO: Logged Out Successfully
03/04/2021 08:26:57 PM - Login_page - INFO: Waited till Element was Visible
03/04/2021 08:26:59 PM - Login_page - INFO: Entered Successfully standard_user
03/04/2021 08:26:59 PM - Login_page - INFO: Waited till Element was Visible
03/04/2021 08:26:59 PM - Login_page - INFO: Entered Successfully secrets_sauce
03/04/2021 08:26:59 PM - Login_page - INFO: Selector Found
03/04/2021 08:27:01 PM - Login_page - INFO: Waited till Element was Visible
03/04/2021 08:27:02 PM - Login_page - INFO: Clicked Successfully
03/04/2021 08:27:03 PM - Login_page - INFO: Element is Visible on Page
03/04/2021 08:27:05 PM - Login_page - INFO: Waited till Element was Visible
03/04/2021 08:27:05 PM - Login_page - INFO: Entered Successfully locked_out_user
03/04/2021 08:27:05 PM - Login_page - INFO: Waited till Element was Visible
03/04/2021 08:27:05 PM - Login_page - INFO: Entered Successfully secrets_sauce
03/04/2021 08:27:05 PM - Login_page - INFO: Selector Found
03/04/2021 08:27:07 PM - Login_page - INFO: Waited till Element was Visible
03/04/2021 08:27:07 PM - Login_page - INFO: Clicked Successfully
03/04/2021 08:27:07 PM - Login_page - INFO: Element is Visible on Page
03/04/2021 08:27:09 PM - Login_page - INFO: Waited till Element was Visible
03/04/2021 08:27:09 PM - Login_page - INFO: Entered Successfully problem_users
03/04/2021 08:27:09 PM - Login_page - INFO: Waited till Element was Visible
03/04/2021 08:27:09 PM - Login_page - INFO: Entered Successfully secret_sauce
03/04/2021 08:27:09 PM - Login_page - INFO: Selector Found
03/04/2021 08:27:12 PM - Login_page - INFO: Waited till Element was Visible
03/04/2021 08:27:12 PM - Login_page - INFO: Clicked Successfully
03/04/2021 08:27:12 PM - Login_page - INFO: Element is Visible on Page
03/04/2021 08:27:14 PM - Login_page - INFO: Waited till Element was Visible
03/04/2021 08:27:14 PM - Login_page - INFO: Entered Successfully performance_glitch_users
03/04/2021 08:27:14 PM - Login_page - INFO: Waited till Element was Visible
03/04/2021 08:27:14 PM - Login_page - INFO: Entered Successfully secret_sauce
03/04/2021 08:27:14 PM - Login_page - INFO: Selector Found
03/04/2021 08:27:16 PM - Login_page - INFO: Waited till Element was Visible
03/04/2021 08:27:16 PM - Login_page - INFO: Clicked Successfully
03/04/2021 08:27:16 PM - Login_page - INFO: Element is Visible on Page
03/04/2021 08:27:18 PM - Login_page - INFO: Waited till Element was Visible
03/04/2021 08:27:18 PM - Login_page - INFO: Entered Successfully standard_user
03/04/2021 08:27:18 PM - Login_page - INFO: Waited till Element was Visible
03/04/2021 08:27:18 PM - Login_page - INFO: Entered Successfully secret_sauce
03/04/2021 08:27:18 PM - Login_page - INFO: Selector Found
03/04/2021 08:27:20 PM - Login_page - INFO: Waited till Element was Visible
03/04/2021 08:27:21 PM - Login_page - INFO: Clicked Successfully
03/04/2021 08:27:23 PM - Util - INFO: Actual Text From Application Web UI --> :: Swag Labs
03/04/2021 08:27:23 PM - Util - INFO: Expected Text From Application Web UI --> :: Swag Labs
03/04/2021 08:27:23 PM - Util - INFO: ### VERIFICATION CONTAINS !!!
03/04/2021 08:27:23 PM - TestStatus - INFO: ### VERIFICATION SUCCESSFUL :: + Title Validation
03/04/2021 08:27:23 PM - Login_page - INFO: Element is Visible on Page
03/04/2021 08:27:23 PM - TestStatus - INFO: ### VERIFICATION SUCCESSFUL :: + Login Unsuccessful
03/04/2021 08:27:23 PM - TestStatus - INFO: Successful Login ### TEST SUCCESSFUL
03/04/2021 08:27:23 PM - Login_page - INFO: Waited till Element was Visible
03/04/2021 08:27:23 PM - Login_page - INFO: Clicked Successfully
03/04/2021 08:27:24 PM - Login_page - INFO: Waited till Element was Visible
03/04/2021 08:27:24 PM - Login_page - INFO: Clicked Successfully
03/04/2021 08:27:24 PM - Login_page - INFO: Selector Found
03/04/2021 08:27:26 PM - Login_page - INFO: Logged Out Successfully
03/04/2021 08:27:33 PM - Login_page - INFO: Waited till Element was Visible
03/04/2021 08:27:33 PM - Login_page - INFO: Entered Successfully performance_glitch_user
03/04/2021 08:27:33 PM - Login_page - INFO: Waited till Element was Visible
03/04/2021 08:27:33 PM - Login_page - INFO: Entered Successfully secret_sauce
03/04/2021 08:27:33 PM - Login_page - INFO: Selector Found
03/04/2021 08:27:35 PM - Login_page - INFO: Waited till Element was Visible
03/04/2021 08:27:40 PM - Login_page - INFO: Clicked Successfully
03/04/2021 08:27:40 PM - Products - INFO: Element list found with locator: //button[text()='ADD TO CART'] and  locatorType: xpath
03/04/2021 08:27:47 PM - Login_page - INFO: Waited till Element was Visible
03/04/2021 08:27:47 PM - Login_page - INFO: Clicked Successfully
03/04/2021 08:27:48 PM - Login_page - INFO: Waited till Element was Visible
03/04/2021 08:27:48 PM - Login_page - INFO: Clicked Successfully
03/04/2021 08:27:48 PM - Login_page - INFO: Selector Found
03/04/2021 08:27:50 PM - Login_page - INFO: Logged Out Successfully
